<?xml version="1.0" encoding="UTF-8"?>
<testng-results skipped="0" failed="0" ignored="3" total="3" passed="0">
  <reporter-output>
  </reporter-output>
  <suite name="Suite" duration-ms="4696" started-at="2021-05-31T21:16:15 IST" finished-at="2021-05-31T21:16:20 IST">
    <groups>
    </groups>
    <test name="Test" duration-ms="4696" started-at="2021-05-31T21:16:15 IST" finished-at="2021-05-31T21:16:20 IST">
      <class name="Testngpackage.TestNGTest">
        <test-method status="PASS" signature="browserinit()[pri:0, instance:Testngpackage.TestNGTest@5a8806ef]" name="browserinit" is-config="true" duration-ms="3338" started-at="2021-05-31T21:16:15 IST" finished-at="2021-05-31T21:16:18 IST">
          <reporter-output>
          </reporter-output>
        </test-method> <!-- browserinit -->
        <test-method status="PASS" signature="quitdriver()[pri:0, instance:Testngpackage.TestNGTest@5a8806ef]" name="quitdriver" is-config="true" duration-ms="1341" started-at="2021-05-31T21:16:18 IST" finished-at="2021-05-31T21:16:20 IST">
          <reporter-output>
          </reporter-output>
        </test-method> <!-- quitdriver -->
      </class> <!-- Testngpackage.TestNGTest -->
    </test> <!-- Test -->
  </suite> <!-- Suite -->
</testng-results>
