<?xml version="1.0" encoding="UTF-8"?>
<!-- Generated by org.testng.reporters.JUnitXMLReporter -->
<testsuite hostname="Madhu-Desktop" ignored="3" tests="0" failures="0" timestamp="2021-05-31T21:16:20 IST" time="4.696" errors="0">
  <testcase name="validatelogin" time="0.0" classname="Testngpackage.TestNGTest">
    <ignored/>
  </testcase> <!-- validatelogin -->
  <testcase name="depend" time="0.0" classname="Testngpackage.TestNGTest">
    <ignored/>
  </testcase> <!-- depend -->
  <testcase name="browserinitiation" time="0.0" classname="Testngpackage.TestNGTest">
    <ignored/>
  </testcase> <!-- browserinitiation -->
</testsuite>
