<?xml version="1.0" encoding="UTF-8"?>
<testng-results skipped="0" failed="0" ignored="0" total="1" passed="1">
  <reporter-output>
  </reporter-output>
  <suite name="Default suite" duration-ms="2242" started-at="2021-05-13T05:05:24Z" finished-at="2021-05-13T05:05:26Z">
    <groups>
    </groups>
    <test name="Default test" duration-ms="2242" started-at="2021-05-13T05:05:24Z" finished-at="2021-05-13T05:05:26Z">
      <class name="com.qa.test.RestAPiTest">
        <test-method status="PASS" signature="setup()[pri:0, instance:com.qa.test.RestAPiTest@39aeed2f]" name="setup" is-config="true" duration-ms="16" started-at="2021-05-13T05:05:24Z" finished-at="2021-05-13T05:05:24Z">
          <reporter-output>
          </reporter-output>
        </test-method> <!-- setup -->
        <test-method status="PASS" signature="getCallfromClient()[pri:0, instance:com.qa.test.RestAPiTest@39aeed2f]" name="getCallfromClient" duration-ms="2163" started-at="2021-05-13T05:05:24Z" finished-at="2021-05-13T05:05:26Z">
          <reporter-output>
          </reporter-output>
        </test-method> <!-- getCallfromClient -->
      </class> <!-- com.qa.test.RestAPiTest -->
    </test> <!-- Default test -->
  </suite> <!-- Default suite -->
</testng-results>
